mode: atomic
github.com/ipfs/go-ipfs-blockstore/caching.go:20.35,26.2 1 15
github.com/ipfs/go-ipfs-blockstore/caching.go:33.46,37.28 2 15
github.com/ipfs/go-ipfs-blockstore/caching.go:41.2,41.68 1 12
github.com/ipfs/go-ipfs-blockstore/caching.go:45.2,47.30 2 11
github.com/ipfs/go-ipfs-blockstore/caching.go:50.2,50.34 1 11
github.com/ipfs/go-ipfs-blockstore/caching.go:55.2,55.17 1 11
github.com/ipfs/go-ipfs-blockstore/caching.go:37.28,39.3 1 3
github.com/ipfs/go-ipfs-blockstore/caching.go:41.68,43.3 1 1
github.com/ipfs/go-ipfs-blockstore/caching.go:47.30,49.3 1 9
github.com/ipfs/go-ipfs-blockstore/caching.go:50.34,53.3 1 2
github.com/ipfs/go-ipfs-blockstore/arc_cache.go:25.89,27.16 2 10
github.com/ipfs/go-ipfs-blockstore/arc_cache.go:30.2,34.15 4 9
github.com/ipfs/go-ipfs-blockstore/arc_cache.go:27.16,29.3 1 1
github.com/ipfs/go-ipfs-blockstore/arc_cache.go:37.50,38.43 1 3
github.com/ipfs/go-ipfs-blockstore/arc_cache.go:42.2,44.13 3 2
github.com/ipfs/go-ipfs-blockstore/arc_cache.go:38.43,40.3 1 1
github.com/ipfs/go-ipfs-blockstore/arc_cache.go:45.40,47.13 2 2
github.com/ipfs/go-ipfs-blockstore/arc_cache.go:48.10,49.13 1 0
github.com/ipfs/go-ipfs-blockstore/arc_cache.go:55.62,57.14 2 25
github.com/ipfs/go-ipfs-blockstore/arc_cache.go:64.2,65.8 2 25
github.com/ipfs/go-ipfs-blockstore/arc_cache.go:69.2,69.21 1 8
github.com/ipfs/go-ipfs-blockstore/arc_cache.go:57.14,62.3 2 0
github.com/ipfs/go-ipfs-blockstore/arc_cache.go:65.8,68.3 2 17
github.com/ipfs/go-ipfs-blockstore/arc_cache.go:72.50,73.35 1 9
github.com/ipfs/go-ipfs-blockstore/arc_cache.go:77.2,78.16 2 2
github.com/ipfs/go-ipfs-blockstore/arc_cache.go:81.2,81.17 1 2
github.com/ipfs/go-ipfs-blockstore/arc_cache.go:73.35,75.3 1 7
github.com/ipfs/go-ipfs-blockstore/arc_cache.go:78.16,80.3 1 2
github.com/ipfs/go-ipfs-blockstore/arc_cache.go:84.58,85.14 1 5
github.com/ipfs/go-ipfs-blockstore/arc_cache.go:90.2,90.43 1 4
github.com/ipfs/go-ipfs-blockstore/arc_cache.go:94.2,95.37 2 3
github.com/ipfs/go-ipfs-blockstore/arc_cache.go:100.2,100.16 1 3
github.com/ipfs/go-ipfs-blockstore/arc_cache.go:85.14,88.3 2 1
github.com/ipfs/go-ipfs-blockstore/arc_cache.go:90.43,92.3 1 1
github.com/ipfs/go-ipfs-blockstore/arc_cache.go:95.37,97.3 1 1
github.com/ipfs/go-ipfs-blockstore/arc_cache.go:97.3,97.22 1 2
github.com/ipfs/go-ipfs-blockstore/arc_cache.go:97.22,99.3 1 2
github.com/ipfs/go-ipfs-blockstore/arc_cache.go:103.47,104.49 1 7
github.com/ipfs/go-ipfs-blockstore/arc_cache.go:108.2,109.16 2 6
github.com/ipfs/go-ipfs-blockstore/arc_cache.go:112.2,112.12 1 6
github.com/ipfs/go-ipfs-blockstore/arc_cache.go:104.49,106.3 1 1
github.com/ipfs/go-ipfs-blockstore/arc_cache.go:109.16,111.3 1 6
github.com/ipfs/go-ipfs-blockstore/arc_cache.go:115.53,117.27 2 2
github.com/ipfs/go-ipfs-blockstore/arc_cache.go:124.2,125.16 2 2
github.com/ipfs/go-ipfs-blockstore/arc_cache.go:128.2,128.29 1 2
github.com/ipfs/go-ipfs-blockstore/arc_cache.go:131.2,131.12 1 2
github.com/ipfs/go-ipfs-blockstore/arc_cache.go:117.27,120.63 1 2
github.com/ipfs/go-ipfs-blockstore/arc_cache.go:120.63,122.4 1 1
github.com/ipfs/go-ipfs-blockstore/arc_cache.go:125.16,127.3 1 0
github.com/ipfs/go-ipfs-blockstore/arc_cache.go:128.29,130.3 1 1
github.com/ipfs/go-ipfs-blockstore/arc_cache.go:134.45,136.2 1 0
github.com/ipfs/go-ipfs-blockstore/arc_cache.go:138.51,140.2 1 14
github.com/ipfs/go-ipfs-blockstore/arc_cache.go:142.78,144.2 1 0
github.com/ipfs/go-ipfs-blockstore/arc_cache.go:146.38,148.2 1 0
github.com/ipfs/go-ipfs-blockstore/arc_cache.go:150.39,152.2 1 0
github.com/ipfs/go-ipfs-blockstore/arc_cache.go:154.39,156.2 1 0
github.com/ipfs/go-ipfs-blockstore/blockstore.go:88.64,90.2 1 0
github.com/ipfs/go-ipfs-blockstore/blockstore.go:99.46,106.2 4 19
github.com/ipfs/go-ipfs-blockstore/blockstore.go:114.48,116.2 1 1
github.com/ipfs/go-ipfs-blockstore/blockstore.go:118.61,119.14 1 10
github.com/ipfs/go-ipfs-blockstore/blockstore.go:124.2,125.27 2 9
github.com/ipfs/go-ipfs-blockstore/blockstore.go:128.2,128.16 1 7
github.com/ipfs/go-ipfs-blockstore/blockstore.go:131.2,132.9 2 7
github.com/ipfs/go-ipfs-blockstore/blockstore.go:136.2,136.15 1 6
github.com/ipfs/go-ipfs-blockstore/blockstore.go:148.2,148.41 1 4
github.com/ipfs/go-ipfs-blockstore/blockstore.go:119.14,122.3 2 1
github.com/ipfs/go-ipfs-blockstore/blockstore.go:125.27,127.3 1 2
github.com/ipfs/go-ipfs-blockstore/blockstore.go:128.16,130.3 1 0
github.com/ipfs/go-ipfs-blockstore/blockstore.go:132.9,134.3 1 1
github.com/ipfs/go-ipfs-blockstore/blockstore.go:136.15,138.17 2 2
github.com/ipfs/go-ipfs-blockstore/blockstore.go:142.3,142.23 1 2
github.com/ipfs/go-ipfs-blockstore/blockstore.go:146.3,146.46 1 1
github.com/ipfs/go-ipfs-blockstore/blockstore.go:138.17,140.4 1 0
github.com/ipfs/go-ipfs-blockstore/blockstore.go:142.23,144.4 1 1
github.com/ipfs/go-ipfs-blockstore/blockstore.go:151.53,156.26 3 1212
github.com/ipfs/go-ipfs-blockstore/blockstore.go:159.2,159.45 1 1211
github.com/ipfs/go-ipfs-blockstore/blockstore.go:156.26,158.3 1 1
github.com/ipfs/go-ipfs-blockstore/blockstore.go:162.60,164.16 2 4
github.com/ipfs/go-ipfs-blockstore/blockstore.go:167.2,167.27 1 4
github.com/ipfs/go-ipfs-blockstore/blockstore.go:179.2,179.19 1 4
github.com/ipfs/go-ipfs-blockstore/blockstore.go:164.16,166.3 1 0
github.com/ipfs/go-ipfs-blockstore/blockstore.go:167.27,170.27 3 3
github.com/ipfs/go-ipfs-blockstore/blockstore.go:174.3,175.17 2 3
github.com/ipfs/go-ipfs-blockstore/blockstore.go:170.27,171.12 1 0
github.com/ipfs/go-ipfs-blockstore/blockstore.go:175.17,177.4 1 0
github.com/ipfs/go-ipfs-blockstore/blockstore.go:182.53,184.2 1 4
github.com/ipfs/go-ipfs-blockstore/blockstore.go:186.53,188.27 2 2
github.com/ipfs/go-ipfs-blockstore/blockstore.go:191.2,191.12 1 2
github.com/ipfs/go-ipfs-blockstore/blockstore.go:188.27,190.3 1 0
github.com/ipfs/go-ipfs-blockstore/blockstore.go:198.81,203.16 3 4
github.com/ipfs/go-ipfs-blockstore/blockstore.go:207.2,208.12 2 4
github.com/ipfs/go-ipfs-blockstore/blockstore.go:239.2,239.20 1 4
github.com/ipfs/go-ipfs-blockstore/blockstore.go:203.16,205.3 1 0
github.com/ipfs/go-ipfs-blockstore/blockstore.go:208.12,209.16 1 4
github.com/ipfs/go-ipfs-blockstore/blockstore.go:214.3,214.7 1 4
github.com/ipfs/go-ipfs-blockstore/blockstore.go:209.16,212.4 2 4
github.com/ipfs/go-ipfs-blockstore/blockstore.go:214.7,216.11 2 1105
github.com/ipfs/go-ipfs-blockstore/blockstore.go:219.4,219.22 1 1101
github.com/ipfs/go-ipfs-blockstore/blockstore.go:225.4,226.18 2 1101
github.com/ipfs/go-ipfs-blockstore/blockstore.go:231.4,231.11 1 1100
github.com/ipfs/go-ipfs-blockstore/blockstore.go:216.11,218.5 1 4
github.com/ipfs/go-ipfs-blockstore/blockstore.go:219.22,222.5 2 0
github.com/ipfs/go-ipfs-blockstore/blockstore.go:226.18,228.13 2 1
github.com/ipfs/go-ipfs-blockstore/blockstore.go:232.22,233.11 1 0
github.com/ipfs/go-ipfs-blockstore/blockstore.go:234.21,234.21 0 1100
github.com/ipfs/go-ipfs-blockstore/blockstore.go:244.29,246.2 1 0
github.com/ipfs/go-ipfs-blockstore/blockstore.go:263.29,266.2 2 0
github.com/ipfs/go-ipfs-blockstore/blockstore.go:268.39,273.2 4 0
github.com/ipfs/go-ipfs-blockstore/blockstore.go:275.40,278.2 2 0
github.com/ipfs/go-ipfs-blockstore/blockstore.go:280.40,282.2 1 0
github.com/ipfs/go-ipfs-blockstore/bloom_cache.go:18.101,20.16 2 3
github.com/ipfs/go-ipfs-blockstore/bloom_cache.go:23.2,31.22 6 2
github.com/ipfs/go-ipfs-blockstore/bloom_cache.go:49.2,49.16 1 2
github.com/ipfs/go-ipfs-blockstore/bloom_cache.go:20.16,22.3 1 1
github.com/ipfs/go-ipfs-blockstore/bloom_cache.go:31.22,32.13 1 0
github.com/ipfs/go-ipfs-blockstore/bloom_cache.go:32.13,38.8 4 0
github.com/ipfs/go-ipfs-blockstore/bloom_cache.go:38.8,39.12 1 0
github.com/ipfs/go-ipfs-blockstore/bloom_cache.go:40.23,42.12 2 0
github.com/ipfs/go-ipfs-blockstore/bloom_cache.go:43.16,44.36 1 0
github.com/ipfs/go-ipfs-blockstore/bloom_cache.go:65.35,68.2 2 2
github.com/ipfs/go-ipfs-blockstore/bloom_cache.go:70.41,72.2 1 1004
github.com/ipfs/go-ipfs-blockstore/bloom_cache.go:74.51,79.16 4 2
github.com/ipfs/go-ipfs-blockstore/bloom_cache.go:83.2,84.14 2 2
github.com/ipfs/go-ipfs-blockstore/bloom_cache.go:97.2,98.33 2 2
github.com/ipfs/go-ipfs-blockstore/bloom_cache.go:79.16,82.3 2 0
github.com/ipfs/go-ipfs-blockstore/bloom_cache.go:84.14,85.10 1 1002
github.com/ipfs/go-ipfs-blockstore/bloom_cache.go:86.24,87.10 1 1002
github.com/ipfs/go-ipfs-blockstore/bloom_cache.go:92.21,94.10 2 0
github.com/ipfs/go-ipfs-blockstore/bloom_cache.go:87.10,89.5 1 1000
github.com/ipfs/go-ipfs-blockstore/bloom_cache.go:89.5,91.5 1 2
github.com/ipfs/go-ipfs-blockstore/bloom_cache.go:101.52,102.43 1 0
github.com/ipfs/go-ipfs-blockstore/bloom_cache.go:106.2,106.36 1 0
github.com/ipfs/go-ipfs-blockstore/bloom_cache.go:102.43,104.3 1 0
github.com/ipfs/go-ipfs-blockstore/bloom_cache.go:111.64,113.14 2 1004
github.com/ipfs/go-ipfs-blockstore/bloom_cache.go:119.2,119.21 1 1004
github.com/ipfs/go-ipfs-blockstore/bloom_cache.go:126.2,126.21 1 3
github.com/ipfs/go-ipfs-blockstore/bloom_cache.go:113.14,118.3 2 0
github.com/ipfs/go-ipfs-blockstore/bloom_cache.go:119.21,121.11 2 1004
github.com/ipfs/go-ipfs-blockstore/bloom_cache.go:121.11,124.4 2 1001
github.com/ipfs/go-ipfs-blockstore/bloom_cache.go:129.52,130.35 1 1003
github.com/ipfs/go-ipfs-blockstore/bloom_cache.go:134.2,134.28 1 2
github.com/ipfs/go-ipfs-blockstore/bloom_cache.go:130.35,132.3 1 1001
github.com/ipfs/go-ipfs-blockstore/bloom_cache.go:137.60,138.43 1 1
github.com/ipfs/go-ipfs-blockstore/bloom_cache.go:142.2,142.28 1 1
github.com/ipfs/go-ipfs-blockstore/bloom_cache.go:138.43,140.3 1 0
github.com/ipfs/go-ipfs-blockstore/bloom_cache.go:145.49,148.16 2 1
github.com/ipfs/go-ipfs-blockstore/bloom_cache.go:151.2,151.12 1 1
github.com/ipfs/go-ipfs-blockstore/bloom_cache.go:148.16,150.3 1 1
github.com/ipfs/go-ipfs-blockstore/bloom_cache.go:154.55,160.16 2 2
github.com/ipfs/go-ipfs-blockstore/bloom_cache.go:163.2,163.24 1 2
github.com/ipfs/go-ipfs-blockstore/bloom_cache.go:166.2,166.12 1 2
github.com/ipfs/go-ipfs-blockstore/bloom_cache.go:160.16,162.3 1 0
github.com/ipfs/go-ipfs-blockstore/bloom_cache.go:163.24,165.3 1 2
github.com/ipfs/go-ipfs-blockstore/bloom_cache.go:169.47,171.2 1 0
github.com/ipfs/go-ipfs-blockstore/bloom_cache.go:173.80,175.2 1 0
github.com/ipfs/go-ipfs-blockstore/bloom_cache.go:177.40,179.2 1 0
github.com/ipfs/go-ipfs-blockstore/bloom_cache.go:181.41,183.2 1 0
github.com/ipfs/go-ipfs-blockstore/bloom_cache.go:185.41,187.2 1 0
